{"/Users/joaovitordadas/Documents/LeveSaude-API/src/agenda/controller/agendaController.ts": {"path":"/Users/joaovitordadas/Documents/LeveSaude-API/src/agenda/controller/agendaController.ts","statementMap":{"0":{"start":{"line":2,"column":0},"end":{"line":2,"column":51}},"1":{"start":{"line":5,"column":2},"end":{"line":18,"column":4}},"2":{"start":{"line":5,"column":45},"end":{"line":18,"column":4}},"3":{"start":{"line":6,"column":4},"end":{"line":17,"column":5}},"4":{"start":{"line":7,"column":6},"end":{"line":10,"column":8}},"5":{"start":{"line":12,"column":6},"end":{"line":12,"column":54}},"6":{"start":{"line":13,"column":6},"end":{"line":16,"column":8}},"7":{"start":{"line":4,"column":13},"end":{"line":4,"column":null}}},"fnMap":{"0":{"name":"(anonymous_7)","decl":{"start":{"line":5,"column":2},"end":{"line":5,"column":43}},"loc":{"start":{"line":5,"column":45},"end":{"line":18,"column":4}}},"1":{"name":"(anonymous_8)","decl":{"start":{"line":5,"column":45},"end":{"line":5,"column":null}},"loc":{"start":{"line":5,"column":45},"end":{"line":18,"column":3}}}},"branchMap":{},"s":{"0":1,"1":1,"2":1,"3":1,"4":1,"5":0,"6":0,"7":1},"f":{"0":1,"1":1},"b":{}}
,"/Users/joaovitordadas/Documents/LeveSaude-API/src/agenda/mocks/mockAgendas.ts": {"path":"/Users/joaovitordadas/Documents/LeveSaude-API/src/agenda/mocks/mockAgendas.ts","statementMap":{"0":{"start":{"line":1,"column":13},"end":{"line":14,"column":2}}},"fnMap":{},"branchMap":{},"s":{"0":2},"f":{},"b":{}}
,"/Users/joaovitordadas/Documents/LeveSaude-API/src/agendamento/controller/agendamentoController.ts": {"path":"/Users/joaovitordadas/Documents/LeveSaude-API/src/agendamento/controller/agendamentoController.ts","statementMap":{"0":{"start":{"line":3,"column":0},"end":{"line":3,"column":61}},"1":{"start":{"line":5,"column":55},"end":{"line":41,"column":2}},"2":{"start":{"line":7,"column":36},"end":{"line":41,"column":2}},"3":{"start":{"line":8,"column":2},"end":{"line":40,"column":3}},"4":{"start":{"line":9,"column":40},"end":{"line":9,"column":70}},"5":{"start":{"line":11,"column":19},"end":{"line":11,"column":74}},"6":{"start":{"line":11,"column":43},"end":{"line":11,"column":73}},"7":{"start":{"line":13,"column":4},"end":{"line":18,"column":5}},"8":{"start":{"line":14,"column":6},"end":{"line":17,"column":8}},"9":{"start":{"line":21,"column":4},"end":{"line":31,"column":6}},"10":{"start":{"line":33,"column":4},"end":{"line":33,"column":56}},"11":{"start":{"line":36,"column":4},"end":{"line":39,"column":6}},"12":{"start":{"line":5,"column":13},"end":{"line":5,"column":55}}},"fnMap":{"0":{"name":"(anonymous_7)","decl":{"start":{"line":5,"column":55},"end":{"line":5,"column":null}},"loc":{"start":{"line":7,"column":36},"end":{"line":41,"column":2}}},"1":{"name":"(anonymous_8)","decl":{"start":{"line":7,"column":36},"end":{"line":7,"column":null}},"loc":{"start":{"line":7,"column":36},"end":{"line":41,"column":1}}},"2":{"name":"(anonymous_9)","decl":{"start":{"line":11,"column":36},"end":{"line":11,"column":37}},"loc":{"start":{"line":11,"column":43},"end":{"line":11,"column":73}}}},"branchMap":{"0":{"loc":{"start":{"line":9,"column":51},"end":{"line":9,"column":69}},"type":"binary-expr","locations":[{"start":{"line":9,"column":51},"end":{"line":9,"column":61}},{"start":{"line":9,"column":65},"end":{"line":9,"column":69}}]},"1":{"loc":{"start":{"line":13,"column":4},"end":{"line":18,"column":5}},"type":"if","locations":[{"start":{"line":13,"column":4},"end":{"line":18,"column":5}}]}},"s":{"0":1,"1":1,"2":2,"3":2,"4":2,"5":2,"6":3,"7":2,"8":1,"9":1,"10":0,"11":0,"12":1},"f":{"0":2,"1":2,"2":3},"b":{"0":[2,0],"1":[1]}}
,"/Users/joaovitordadas/Documents/LeveSaude-API/src/tests/testUtils.ts": {"path":"/Users/joaovitordadas/Documents/LeveSaude-API/src/tests/testUtils.ts","statementMap":{"0":{"start":{"line":3,"column":13},"end":{"line":17,"column":2}},"1":{"start":{"line":13,"column":34},"end":{"line":13,"column":38}},"2":{"start":{"line":14,"column":14},"end":{"line":14,"column":18}},"3":{"start":{"line":15,"column":14},"end":{"line":15,"column":18}},"4":{"start":{"line":16,"column":17},"end":{"line":16,"column":21}}},"fnMap":{"0":{"name":"(anonymous_0)","decl":{"start":{"line":13,"column":28},"end":{"line":13,"column":31}},"loc":{"start":{"line":13,"column":34},"end":{"line":13,"column":38}}},"1":{"name":"(anonymous_1)","decl":{"start":{"line":14,"column":8},"end":{"line":14,"column":11}},"loc":{"start":{"line":14,"column":14},"end":{"line":14,"column":18}}},"2":{"name":"(anonymous_2)","decl":{"start":{"line":15,"column":8},"end":{"line":15,"column":11}},"loc":{"start":{"line":15,"column":14},"end":{"line":15,"column":18}}},"3":{"name":"(anonymous_3)","decl":{"start":{"line":16,"column":11},"end":{"line":16,"column":14}},"loc":{"start":{"line":16,"column":17},"end":{"line":16,"column":21}}}},"branchMap":{},"s":{"0":2,"1":0,"2":0,"3":0,"4":0},"f":{"0":0,"1":0,"2":0,"3":0},"b":{}}
,"/Users/joaovitordadas/Documents/LeveSaude-API/src/utils/validator.ts": {"path":"/Users/joaovitordadas/Documents/LeveSaude-API/src/utils/validator.ts","statementMap":{"0":{"start":{"line":3,"column":35},"end":{"line":9,"column":1}},"1":{"start":{"line":4,"column":2},"end":{"line":8,"column":4}},"2":{"start":{"line":3,"column":13},"end":{"line":3,"column":35}}},"fnMap":{"0":{"name":"(anonymous_0)","decl":{"start":{"line":3,"column":35},"end":{"line":3,"column":36}},"loc":{"start":{"line":3,"column":76},"end":{"line":9,"column":1}}}},"branchMap":{"0":{"loc":{"start":{"line":5,"column":4},"end":{"line":7,"column":42}},"type":"binary-expr","locations":[{"start":{"line":5,"column":4},"end":{"line":5,"column":39}},{"start":{"line":6,"column":4},"end":{"line":6,"column":43}},{"start":{"line":7,"column":4},"end":{"line":7,"column":42}}]}},"s":{"0":1,"1":1,"2":1},"f":{"0":1},"b":{"0":[1,1,1]}}
}
