TN:
SF:src/agenda/controller/agendaController.ts
FN:5,(anonymous_7)
FN:5,(anonymous_8)
FNF:2
FNH:2
FNDA:1,(anonymous_7)
FNDA:1,(anonymous_8)
DA:2,1
DA:4,1
DA:5,1
DA:6,1
DA:7,1
DA:12,0
DA:13,0
LF:7
LH:5
BRF:0
BRH:0
end_of_record
TN:
SF:src/agenda/mocks/mockAgendas.ts
FNF:0
FNH:0
DA:1,2
LF:1
LH:1
BRF:0
BRH:0
end_of_record
TN:
SF:src/agendamento/controller/agendamentoController.ts
FN:5,(anonymous_7)
FN:7,(anonymous_8)
FN:11,(anonymous_9)
FNF:3
FNH:3
FNDA:2,(anonymous_7)
FNDA:2,(anonymous_8)
FNDA:3,(anonymous_9)
DA:3,1
DA:5,1
DA:7,2
DA:8,2
DA:9,2
DA:11,3
DA:13,2
DA:14,1
DA:21,1
DA:33,0
DA:36,0
LF:11
LH:9
BRDA:9,0,0,2
BRDA:9,0,1,0
BRDA:13,1,0,1
BRF:3
BRH:2
end_of_record
TN:
SF:src/tests/testUtils.ts
FN:13,(anonymous_0)
FN:14,(anonymous_1)
FN:15,(anonymous_2)
FN:16,(anonymous_3)
FNF:4
FNH:0
FNDA:0,(anonymous_0)
FNDA:0,(anonymous_1)
FNDA:0,(anonymous_2)
FNDA:0,(anonymous_3)
DA:3,2
DA:13,0
DA:14,0
DA:15,0
DA:16,0
LF:5
LH:1
BRF:0
BRH:0
end_of_record
TN:
SF:src/utils/validator.ts
FN:3,(anonymous_0)
FNF:1
FNH:1
FNDA:1,(anonymous_0)
DA:3,1
DA:4,1
LF:2
LH:2
BRDA:5,0,0,1
BRDA:5,0,1,1
BRDA:5,0,2,1
BRF:3
BRH:3
end_of_record
